-------------------------------------------------------------------------------
Test set: com.integrationsapi.springbootdocker.SpringBootDockerApplicationTests
-------------------------------------------------------------------------------
Tests run: 1, Failures: 0, Errors: 1, Skipped: 0, Time elapsed: 0.259 s <<< FAILURE! - in com.integrationsapi.springbootdocker.SpringBootDockerApplicationTests
com.integrationsapi.springbootdocker.SpringBootDockerApplicationTests  Time elapsed: 0.258 s  <<< ERROR!
java.lang.IllegalStateException: Unable to find a @SpringBootConfiguration, you need to use @ContextConfiguration or @SpringBootTest(classes=...) with your test

