<?xml version="1.0" encoding="UTF-8"?>
<testsuite xmlns:xsi="http://www.w3.org/2001/XMLSchema-instance" xsi:noNamespaceSchemaLocation="https://maven.apache.org/surefire/maven-surefire-plugin/xsd/surefire-test-report.xsd" name="com.integrationsapi.springbootdocker.SpringBootDockerApplicationTests" time="0.259" tests="1" errors="1" skipped="0" failures="0">
  <properties>
[...]
</properties>
  <testcase name="com.integrationsapi.springbootdocker.SpringBootDockerApplicationTests" classname="com.integrationsapi.springbootdocker.SpringBootDockerApplicationTests" time="0.258">
    <error message="Unable to find a @SpringBootConfiguration, you need to use @ContextConfiguration or @SpringBootTest(classes=...) with your test" type="java.lang.IllegalStateException">java.lang.IllegalStateException: Unable to find a @SpringBootConfiguration, you need to use @ContextConfiguration or @SpringBootTest(classes=...) with your test
</error>
    <system-out><![CDATA[14:05:38.031 [main] DEBUG org.springframework.test.context.BootstrapUtils - Instantiating CacheAwareContextLoaderDelegate from class [org.springframework.test.context.cache.DefaultCacheAwareContextLoaderDelegate]
14:05:38.040 [main] DEBUG org.springframework.test.context.BootstrapUtils - Instantiating BootstrapContext using constructor [public org.springframework.test.context.support.DefaultBootstrapContext(java.lang.Class,org.springframework.test.context.CacheAwareContextLoaderDelegate)]
14:05:38.075 [main] DEBUG org.springframework.test.context.BootstrapUtils - Instantiating TestContextBootstrapper for test class [com.integrationsapi.springbootdocker.SpringBootDockerApplicationTests] from class [org.springframework.boot.test.context.SpringBootTestContextBootstrapper]
14:05:38.085 [main] INFO org.springframework.boot.test.context.SpringBootTestContextBootstrapper - Neither @ContextConfiguration nor @ContextHierarchy found for test class [com.integrationsapi.springbootdocker.SpringBootDockerApplicationTests], using SpringBootContextLoader
14:05:38.089 [main] DEBUG org.springframework.test.context.support.AbstractContextLoader - Did not detect default resource location for test class [com.integrationsapi.springbootdocker.SpringBootDockerApplicationTests]: class path resource [com/integrationsapi/springbootdocker/SpringBootDockerApplicationTests-context.xml] does not exist
14:05:38.089 [main] DEBUG org.springframework.test.context.support.AbstractContextLoader - Did not detect default resource location for test class [com.integrationsapi.springbootdocker.SpringBootDockerApplicationTests]: class path resource [com/integrationsapi/springbootdocker/SpringBootDockerApplicationTestsContext.groovy] does not exist
14:05:38.089 [main] INFO org.springframework.test.context.support.AbstractContextLoader - Could not detect default resource locations for test class [com.integrationsapi.springbootdocker.SpringBootDockerApplicationTests]: no resource found for suffixes {-context.xml, Context.groovy}.
14:05:38.090 [main] INFO org.springframework.test.context.support.AnnotationConfigContextLoaderUtils - Could not detect default configuration classes for test class [com.integrationsapi.springbootdocker.SpringBootDockerApplicationTests]: SpringBootDockerApplicationTests does not declare any static, non-private, non-final, nested classes annotated with @Configuration.
14:05:38.133 [main] DEBUG org.springframework.test.context.support.ActiveProfilesUtils - Could not find an 'annotation declaring class' for annotation type [org.springframework.test.context.ActiveProfiles] and class [com.integrationsapi.springbootdocker.SpringBootDockerApplicationTests]
]]></system-out>
  </testcase>
</testsuite>